[2022-11-22 03:35:58.271] [config] [info] found 5 processes to watch
[2022-11-22 03:35:58.313] [process] [error] Process spock is not found
[2022-11-22 03:35:58.313] [config] [info] found arguments Needs of the many outweighs the needs of the few  for process spock
[2022-11-22 03:35:58.314] [process] [info] Spawned process with pid 108796 for bin/spock
[2022-11-22 03:35:58.346] [process] [error] Process kirk is not found
[2022-11-22 03:35:58.346] [process] [info] Spawned process with pid 108804 for bin/kirk
[2022-11-22 03:35:58.378] [process] [error] Process data is not found
[2022-11-22 03:35:58.378] [process] [info] Spawned process with pid 108812 for bin/data
[2022-11-22 03:35:58.410] [process] [error] Process picard is not found
[2022-11-22 03:35:58.411] [process] [info] Spawned process with pid 108820 for bin/picard
[2022-11-22 03:35:59.453] [config] [info] found 5 processes to watch
[2022-11-22 03:36:00.681] [config] [info] found 5 processes to watch
[2022-11-22 03:36:01.911] [config] [info] found 5 processes to watch
[2022-11-22 03:36:03.144] [config] [info] found 5 processes to watch
[2022-11-22 03:36:04.336] [config] [info] found 5 processes to watch
[2022-11-22 03:36:05.527] [config] [info] found 5 processes to watch
[2022-11-22 03:36:06.741] [config] [info] found 5 processes to watch
[2022-11-22 03:36:07.962] [config] [info] found 5 processes to watch
[2022-11-22 03:36:09.173] [config] [info] found 5 processes to watch
[2022-11-22 03:36:10.393] [config] [info] found 5 processes to watch
[2022-11-22 03:36:11.600] [config] [info] found 5 processes to watch
[2022-11-22 03:36:12.819] [config] [info] found 5 processes to watch
[2022-11-22 03:36:14.001] [config] [info] found 5 processes to watch
[2022-11-22 03:36:15.183] [config] [info] found 5 processes to watch
[2022-11-22 03:36:16.400] [config] [info] found 5 processes to watch
[2022-11-22 03:36:17.586] [config] [info] found 5 processes to watch
[2022-11-22 03:36:18.767] [config] [info] found 5 processes to watch
[2022-11-22 03:36:19.987] [config] [info] found 5 processes to watch
[2022-11-22 03:36:21.198] [config] [info] found 5 processes to watch
[2022-11-22 03:36:22.380] [config] [info] found 5 processes to watch
[2022-11-22 03:36:23.570] [config] [info] found 5 processes to watch
[2022-11-22 03:36:24.786] [config] [info] found 5 processes to watch
[2022-11-22 03:36:25.986] [config] [info] found 5 processes to watch
[2022-11-22 03:36:27.192] [config] [info] found 5 processes to watch
[2022-11-22 03:36:28.402] [config] [info] found 5 processes to watch
[2022-11-22 03:36:29.585] [config] [info] found 5 processes to watch
[2022-11-22 03:36:30.766] [config] [info] found 5 processes to watch
[2022-11-22 03:36:31.947] [config] [info] found 5 processes to watch
[2022-11-22 03:36:33.166] [config] [info] found 5 processes to watch
